[      13ms] [WARNING] WARNING: Too many active WebGL contexts. Oldest context will be lost. @ http://localhost:3000/_next/static/chunks/src_components_three_428f463a._.js:171
[      19ms] [WARNING] WARNING: Too many active WebGL contexts. Oldest context will be lost. @ http://localhost:3000/_next/static/chunks/src_components_three_428f463a._.js:171
[      24ms] [WARNING] WARNING: Too many active WebGL contexts. Oldest context will be lost. @ http://localhost:3000/_next/static/chunks/src_components_three_428f463a._.js:171
[      29ms] [WARNING] WARNING: Too many active WebGL contexts. Oldest context will be lost. @ http://localhost:3000/_next/static/chunks/src_components_three_428f463a._.js:171
[      50ms] [WARNING] WARNING: Too many active WebGL contexts. Oldest context will be lost. @ http://localhost:3000/_next/static/chunks/src_components_three_428f463a._.js:171
[      55ms] [WARNING] WARNING: Too many active WebGL contexts. Oldest context will be lost. @ http://localhost:3000/_next/static/chunks/src_components_three_428f463a._.js:171
[      62ms] [WARNING] WARNING: Too many active WebGL contexts. Oldest context will be lost. @ http://localhost:3000/_next/static/chunks/src_components_three_428f463a._.js:171
[      67ms] [WARNING] WARNING: Too many active WebGL contexts. Oldest context will be lost. @ http://localhost:3000/_next/static/chunks/src_components_three_428f463a._.js:171
[      84ms] [WARNING] WARNING: Too many active WebGL contexts. Oldest context will be lost. @ http://localhost:3000/_next/static/chunks/src_components_three_428f463a._.js:171
[      89ms] [WARNING] WARNING: Too many active WebGL contexts. Oldest context will be lost. @ http://localhost:3000/_next/static/chunks/src_components_three_428f463a._.js:171
[      96ms] [WARNING] WARNING: Too many active WebGL contexts. Oldest context will be lost. @ http://localhost:3000/_next/static/chunks/src_components_three_428f463a._.js:171
[     102ms] [WARNING] WARNING: Too many active WebGL contexts. Oldest context will be lost. @ http://localhost:3000/_next/static/chunks/src_components_three_428f463a._.js:171
[     113ms] [WARNING] WARNING: Too many active WebGL contexts. Oldest context will be lost. @ http://localhost:3000/_next/static/chunks/src_components_three_428f463a._.js:171
[     117ms] [WARNING] WARNING: Too many active WebGL contexts. Oldest context will be lost. @ http://localhost:3000/_next/static/chunks/src_components_three_428f463a._.js:171
[     122ms] [WARNING] WARNING: Too many active WebGL contexts. Oldest context will be lost. @ http://localhost:3000/_next/static/chunks/src_components_three_428f463a._.js:171
[     126ms] [WARNING] WARNING: Too many active WebGL contexts. Oldest context will be lost. @ http://localhost:3000/_next/static/chunks/src_components_three_428f463a._.js:171
[     572ms] [WARNING] THREE.THREE.Clock: This module has been deprecated. Please use THREE.Timer instead. @ http://localhost:3000/_next/static/chunks/node_modules_next_dist_f3530cac._.js:2297
[    9291ms] [WARNING] WARNING: Too many active WebGL contexts. Oldest context will be lost. @ http://localhost:3000/_next/static/chunks/src_components_three_428f463a._.js:171
[    9364ms] [WARNING] WARNING: Too many active WebGL contexts. Oldest context will be lost. @ http://localhost:3000/_next/static/chunks/src_components_three_428f463a._.js:171
[    9369ms] [WARNING] WARNING: Too many active WebGL contexts. Oldest context will be lost. @ http://localhost:3000/_next/static/chunks/src_components_three_428f463a._.js:171
[    9377ms] [WARNING] WARNING: Too many active WebGL contexts. Oldest context will be lost. @ http://localhost:3000/_next/static/chunks/src_components_three_428f463a._.js:171
[    9384ms] [WARNING] WARNING: Too many active WebGL contexts. Oldest context will be lost. @ http://localhost:3000/_next/static/chunks/src_components_three_428f463a._.js:171
[    9398ms] [WARNING] WARNING: Too many active WebGL contexts. Oldest context will be lost. @ http://localhost:3000/_next/static/chunks/src_components_three_428f463a._.js:171
[    9405ms] [WARNING] WARNING: Too many active WebGL contexts. Oldest context will be lost. @ http://localhost:3000/_next/static/chunks/src_components_three_428f463a._.js:171
[    9410ms] [WARNING] WARNING: Too many active WebGL contexts. Oldest context will be lost. @ http://localhost:3000/_next/static/chunks/src_components_three_428f463a._.js:171
[    9415ms] [WARNING] WARNING: Too many active WebGL contexts. Oldest context will be lost. @ http://localhost:3000/_next/static/chunks/src_components_three_428f463a._.js:171
[    9427ms] [WARNING] WARNING: Too many active WebGL contexts. Oldest context will be lost. @ http://localhost:3000/_next/static/chunks/src_components_three_428f463a._.js:171
[    9433ms] [WARNING] WARNING: Too many active WebGL contexts. Oldest context will be lost. @ http://localhost:3000/_next/static/chunks/src_components_three_428f463a._.js:171
[    9441ms] [WARNING] WARNING: Too many active WebGL contexts. Oldest context will be lost. @ http://localhost:3000/_next/static/chunks/src_components_three_428f463a._.js:171
[    9446ms] [WARNING] WARNING: Too many active WebGL contexts. Oldest context will be lost. @ http://localhost:3000/_next/static/chunks/src_components_three_428f463a._.js:171
[    9563ms] [WARNING] WARNING: Too many active WebGL contexts. Oldest context will be lost. @ http://localhost:3000/_next/static/chunks/src_components_three_428f463a._.js:171
[    9567ms] [WARNING] WARNING: Too many active WebGL contexts. Oldest context will be lost. @ http://localhost:3000/_next/static/chunks/src_components_three_428f463a._.js:171
[    9593ms] [WARNING] WARNING: Too many active WebGL contexts. Oldest context will be lost. @ http://localhost:3000/_next/static/chunks/src_components_three_428f463a._.js:171
[    9599ms] [WARNING] WARNING: Too many active WebGL contexts. Oldest context will be lost. @ http://localhost:3000/_next/static/chunks/src_components_three_428f463a._.js:171
[    9604ms] [WARNING] WARNING: Too many active WebGL contexts. Oldest context will be lost. @ http://localhost:3000/_next/static/chunks/src_components_three_428f463a._.js:171
[    9611ms] [WARNING] WARNING: Too many active WebGL contexts. Oldest context will be lost. @ http://localhost:3000/_next/static/chunks/src_components_three_428f463a._.js:171
[    9630ms] [WARNING] WARNING: Too many active WebGL contexts. Oldest context will be lost. @ http://localhost:3000/_next/static/chunks/src_components_three_428f463a._.js:171
[    9646ms] [WARNING] WARNING: Too many active WebGL contexts. Oldest context will be lost. @ http://localhost:3000/_next/static/chunks/src_components_three_428f463a._.js:171
[    9651ms] [WARNING] WARNING: Too many active WebGL contexts. Oldest context will be lost. @ http://localhost:3000/_next/static/chunks/src_components_three_428f463a._.js:171
[    9657ms] [WARNING] WARNING: Too many active WebGL contexts. Oldest context will be lost. @ http://localhost:3000/_next/static/chunks/src_components_three_428f463a._.js:171
[    9669ms] [WARNING] WARNING: Too many active WebGL contexts. Oldest context will be lost. @ http://localhost:3000/_next/static/chunks/src_components_three_428f463a._.js:171
[    9673ms] [WARNING] WARNING: Too many active WebGL contexts. Oldest context will be lost. @ http://localhost:3000/_next/static/chunks/src_components_three_428f463a._.js:171
[    9678ms] [WARNING] WARNING: Too many active WebGL contexts. Oldest context will be lost. @ http://localhost:3000/_next/static/chunks/src_components_three_428f463a._.js:171
[    9682ms] [WARNING] WARNING: Too many active WebGL contexts. Oldest context will be lost. @ http://localhost:3000/_next/static/chunks/src_components_three_428f463a._.js:171
[    9695ms] [WARNING] WARNING: Too many active WebGL contexts. Oldest context will be lost. @ http://localhost:3000/_next/static/chunks/src_components_three_428f463a._.js:171
[    9701ms] [WARNING] WARNING: Too many active WebGL contexts. Oldest context will be lost. @ http://localhost:3000/_next/static/chunks/src_components_three_428f463a._.js:171
[    9708ms] [WARNING] WARNING: Too many active WebGL contexts. Oldest context will be lost. @ http://localhost:3000/_next/static/chunks/src_components_three_428f463a._.js:171
[    9714ms] [WARNING] WARNING: Too many active WebGL contexts. Oldest context will be lost. @ http://localhost:3000/_next/static/chunks/src_components_three_428f463a._.js:171
[    9824ms] [WARNING] WARNING: Too many active WebGL contexts. Oldest context will be lost. @ http://localhost:3000/_next/static/chunks/src_components_three_428f463a._.js:171
[    9829ms] [WARNING] WARNING: Too many active WebGL contexts. Oldest context will be lost. @ http://localhost:3000/_next/static/chunks/src_components_three_428f463a._.js:171
[    9834ms] [WARNING] WARNING: Too many active WebGL contexts. Oldest context will be lost. @ http://localhost:3000/_next/static/chunks/src_components_three_428f463a._.js:171
[    9839ms] [WARNING] WARNING: Too many active WebGL contexts. Oldest context will be lost. @ http://localhost:3000/_next/static/chunks/src_components_three_428f463a._.js:171
[    9849ms] [WARNING] WARNING: Too many active WebGL contexts. Oldest context will be lost. @ http://localhost:3000/_next/static/chunks/src_components_three_428f463a._.js:171
[    9854ms] [WARNING] WARNING: Too many active WebGL contexts. Oldest context will be lost. @ http://localhost:3000/_next/static/chunks/src_components_three_428f463a._.js:171
[    9859ms] [WARNING] WARNING: Too many active WebGL contexts. Oldest context will be lost. @ http://localhost:3000/_next/static/chunks/src_components_three_428f463a._.js:171
[    9865ms] [WARNING] WARNING: Too many active WebGL contexts. Oldest context will be lost. @ http://localhost:3000/_next/static/chunks/src_components_three_428f463a._.js:171
[    9911ms] [WARNING] WARNING: Too many active WebGL contexts. Oldest context will be lost. @ http://localhost:3000/_next/static/chunks/src_components_three_428f463a._.js:171
[    9915ms] [WARNING] WARNING: Too many active WebGL contexts. Oldest context will be lost. @ http://localhost:3000/_next/static/chunks/src_components_three_428f463a._.js:171
[    9920ms] [WARNING] WARNING: Too many active WebGL contexts. Oldest context will be lost. @ http://localhost:3000/_next/static/chunks/src_components_three_428f463a._.js:171
[    9924ms] [WARNING] WARNING: Too many active WebGL contexts. Oldest context will be lost. @ http://localhost:3000/_next/static/chunks/src_components_three_428f463a._.js:171
[    9939ms] [WARNING] WARNING: Too many active WebGL contexts. Oldest context will be lost. @ http://localhost:3000/_next/static/chunks/src_components_three_428f463a._.js:171
[    9944ms] [WARNING] WARNING: Too many active WebGL contexts. Oldest context will be lost. @ http://localhost:3000/_next/static/chunks/src_components_three_428f463a._.js:171
[    9948ms] [WARNING] WARNING: Too many active WebGL contexts. Oldest context will be lost. @ http://localhost:3000/_next/static/chunks/src_components_three_428f463a._.js:171
[    9955ms] [WARNING] WARNING: Too many active WebGL contexts. Oldest context will be lost. @ http://localhost:3000/_next/static/chunks/src_components_three_428f463a._.js:171
[    9973ms] [WARNING] WARNING: Too many active WebGL contexts. Oldest context will be lost. @ http://localhost:3000/_next/static/chunks/src_components_three_428f463a._.js:171
[    9980ms] [WARNING] WARNING: Too many active WebGL contexts. Oldest context will be lost. @ http://localhost:3000/_next/static/chunks/src_components_three_428f463a._.js:171
[    9985ms] [WARNING] WARNING: Too many active WebGL contexts. Oldest context will be lost. @ http://localhost:3000/_next/static/chunks/src_components_three_428f463a._.js:171
[    9990ms] [WARNING] WARNING: Too many active WebGL contexts. Oldest context will be lost. @ http://localhost:3000/_next/static/chunks/src_components_three_428f463a._.js:171
[   10003ms] [WARNING] WARNING: Too many active WebGL contexts. Oldest context will be lost. @ http://localhost:3000/_next/static/chunks/src_components_three_428f463a._.js:171
[   10008ms] [WARNING] WARNING: Too many active WebGL contexts. Oldest context will be lost. @ http://localhost:3000/_next/static/chunks/src_components_three_428f463a._.js:171
[   10013ms] [WARNING] WARNING: Too many active WebGL contexts. Oldest context will be lost. @ http://localhost:3000/_next/static/chunks/src_components_three_428f463a._.js:171
[   10017ms] [WARNING] WARNING: Too many active WebGL contexts. Oldest context will be lost. @ http://localhost:3000/_next/static/chunks/src_components_three_428f463a._.js:171
[   10033ms] [WARNING] WARNING: Too many active WebGL contexts. Oldest context will be lost. @ http://localhost:3000/_next/static/chunks/src_components_three_428f463a._.js:171
[   10039ms] [WARNING] WARNING: Too many active WebGL contexts. Oldest context will be lost. @ http://localhost:3000/_next/static/chunks/src_components_three_428f463a._.js:171
[   10047ms] [WARNING] WARNING: Too many active WebGL contexts. Oldest context will be lost. @ http://localhost:3000/_next/static/chunks/src_components_three_428f463a._.js:171
[   10054ms] [WARNING] WARNING: Too many active WebGL contexts. Oldest context will be lost. @ http://localhost:3000/_next/static/chunks/src_components_three_428f463a._.js:171
[   10069ms] [WARNING] WARNING: Too many active WebGL contexts. Oldest context will be lost. @ http://localhost:3000/_next/static/chunks/src_components_three_428f463a._.js:171
[   10076ms] [WARNING] WARNING: Too many active WebGL contexts. Oldest context will be lost. @ http://localhost:3000/_next/static/chunks/src_components_three_428f463a._.js:171
[   10081ms] [WARNING] WARNING: Too many active WebGL contexts. Oldest context will be lost. @ http://localhost:3000/_next/static/chunks/src_components_three_428f463a._.js:171
[   10087ms] [WARNING] WARNING: Too many active WebGL contexts. Oldest context will be lost. @ http://localhost:3000/_next/static/chunks/src_components_three_428f463a._.js:171
[   10107ms] [WARNING] WARNING: Too many active WebGL contexts. Oldest context will be lost. @ http://localhost:3000/_next/static/chunks/src_components_three_428f463a._.js:171
[   10114ms] [WARNING] WARNING: Too many active WebGL contexts. Oldest context will be lost. @ http://localhost:3000/_next/static/chunks/src_components_three_428f463a._.js:171
[   10119ms] [WARNING] WARNING: Too many active WebGL contexts. Oldest context will be lost. @ http://localhost:3000/_next/static/chunks/src_components_three_428f463a._.js:171
[   10124ms] [WARNING] WARNING: Too many active WebGL contexts. Oldest context will be lost. @ http://localhost:3000/_next/static/chunks/src_components_three_428f463a._.js:171
[   10309ms] [WARNING] WARNING: Too many active WebGL contexts. Oldest context will be lost. @ http://localhost:3000/_next/static/chunks/src_components_three_428f463a._.js:171
[   10332ms] [WARNING] WARNING: Too many active WebGL contexts. Oldest context will be lost. @ http://localhost:3000/_next/static/chunks/src_components_three_428f463a._.js:171
[   10338ms] [WARNING] WARNING: Too many active WebGL contexts. Oldest context will be lost. @ http://localhost:3000/_next/static/chunks/src_components_three_428f463a._.js:171
[   10344ms] [WARNING] WARNING: Too many active WebGL contexts. Oldest context will be lost. @ http://localhost:3000/_next/static/chunks/src_components_three_428f463a._.js:171
[   10350ms] [WARNING] WARNING: Too many active WebGL contexts. Oldest context will be lost. @ http://localhost:3000/_next/static/chunks/src_components_three_428f463a._.js:171
[   10361ms] [WARNING] WARNING: Too many active WebGL contexts. Oldest context will be lost. @ http://localhost:3000/_next/static/chunks/src_components_three_428f463a._.js:171
[   10366ms] [WARNING] WARNING: Too many active WebGL contexts. Oldest context will be lost. @ http://localhost:3000/_next/static/chunks/src_components_three_428f463a._.js:171
[   10370ms] [WARNING] WARNING: Too many active WebGL contexts. Oldest context will be lost. @ http://localhost:3000/_next/static/chunks/src_components_three_428f463a._.js:171
[   10375ms] [WARNING] WARNING: Too many active WebGL contexts. Oldest context will be lost. @ http://localhost:3000/_next/static/chunks/src_components_three_428f463a._.js:171
[   10383ms] [WARNING] WARNING: Too many active WebGL contexts. Oldest context will be lost. @ http://localhost:3000/_next/static/chunks/src_components_three_428f463a._.js:171
[   10388ms] [WARNING] WARNING: Too many active WebGL contexts. Oldest context will be lost. @ http://localhost:3000/_next/static/chunks/src_components_three_428f463a._.js:171
[   10392ms] [WARNING] WARNING: Too many active WebGL contexts. Oldest context will be lost. @ http://localhost:3000/_next/static/chunks/src_components_three_428f463a._.js:171
[   10396ms] [WARNING] WARNING: Too many active WebGL contexts. Oldest context will be lost. @ http://localhost:3000/_next/static/chunks/src_components_three_428f463a._.js:171
[   10409ms] [WARNING] WARNING: Too many active WebGL contexts. Oldest context will be lost. @ http://localhost:3000/_next/static/chunks/src_components_three_428f463a._.js:171
[   10413ms] [WARNING] WARNING: Too many active WebGL contexts. Oldest context will be lost. @ http://localhost:3000/_next/static/chunks/src_components_three_428f463a._.js:171
[   10420ms] [WARNING] WARNING: Too many active WebGL contexts. Oldest context will be lost. @ http://localhost:3000/_next/static/chunks/src_components_three_428f463a._.js:171
[   10426ms] [WARNING] WARNING: Too many active WebGL contexts. Oldest context will be lost. @ http://localhost:3000/_next/static/chunks/src_components_three_428f463a._.js:171
[   10441ms] [WARNING] WARNING: Too many active WebGL contexts. Oldest context will be lost. @ http://localhost:3000/_next/static/chunks/src_components_three_428f463a._.js:171
[   10446ms] [WARNING] WARNING: Too many active WebGL contexts. Oldest context will be lost. @ http://localhost:3000/_next/static/chunks/src_components_three_428f463a._.js:171
[   10453ms] [WARNING] WARNING: Too many active WebGL contexts. Oldest context will be lost. @ http://localhost:3000/_next/static/chunks/src_components_three_428f463a._.js:171
[   10460ms] [WARNING] WARNING: Too many active WebGL contexts. Oldest context will be lost. @ http://localhost:3000/_next/static/chunks/src_components_three_428f463a._.js:171
[   10470ms] [WARNING] WARNING: Too many active WebGL contexts. Oldest context will be lost. @ http://localhost:3000/_next/static/chunks/src_components_three_428f463a._.js:171
[   10474ms] [WARNING] WARNING: Too many active WebGL contexts. Oldest context will be lost. @ http://localhost:3000/_next/static/chunks/src_components_three_428f463a._.js:171
[   10479ms] [WARNING] WARNING: Too many active WebGL contexts. Oldest context will be lost. @ http://localhost:3000/_next/static/chunks/src_components_three_428f463a._.js:171
[   10483ms] [WARNING] WARNING: Too many active WebGL contexts. Oldest context will be lost. @ http://localhost:3000/_next/static/chunks/src_components_three_428f463a._.js:171
[   10491ms] [WARNING] WARNING: Too many active WebGL contexts. Oldest context will be lost. @ http://localhost:3000/_next/static/chunks/src_components_three_428f463a._.js:171
[   10496ms] [WARNING] WARNING: Too many active WebGL contexts. Oldest context will be lost. @ http://localhost:3000/_next/static/chunks/src_components_three_428f463a._.js:171
[   10500ms] [WARNING] WARNING: Too many active WebGL contexts. Oldest context will be lost. @ http://localhost:3000/_next/static/chunks/src_components_three_428f463a._.js:171
[   10505ms] [WARNING] WARNING: Too many active WebGL contexts. Oldest context will be lost. @ http://localhost:3000/_next/static/chunks/src_components_three_428f463a._.js:171
[   10513ms] [WARNING] WARNING: Too many active WebGL contexts. Oldest context will be lost. @ http://localhost:3000/_next/static/chunks/src_components_three_428f463a._.js:171
[   10517ms] [WARNING] WARNING: Too many active WebGL contexts. Oldest context will be lost. @ http://localhost:3000/_next/static/chunks/src_components_three_428f463a._.js:171
[   10521ms] [WARNING] WARNING: Too many active WebGL contexts. Oldest context will be lost. @ http://localhost:3000/_next/static/chunks/src_components_three_428f463a._.js:171
[   10525ms] [WARNING] WARNING: Too many active WebGL contexts. Oldest context will be lost. @ http://localhost:3000/_next/static/chunks/src_components_three_428f463a._.js:171
[   10533ms] [WARNING] WARNING: Too many active WebGL contexts. Oldest context will be lost. @ http://localhost:3000/_next/static/chunks/src_components_three_428f463a._.js:171
[   10538ms] [WARNING] WARNING: Too many active WebGL contexts. Oldest context will be lost. @ http://localhost:3000/_next/static/chunks/src_components_three_428f463a._.js:171
[   10542ms] [WARNING] WARNING: Too many active WebGL contexts. Oldest context will be lost. @ http://localhost:3000/_next/static/chunks/src_components_three_428f463a._.js:171
[   10546ms] [WARNING] WARNING: Too many active WebGL contexts. Oldest context will be lost. @ http://localhost:3000/_next/static/chunks/src_components_three_428f463a._.js:171
[   10553ms] [WARNING] WARNING: Too many active WebGL contexts. Oldest context will be lost. @ http://localhost:3000/_next/static/chunks/src_components_three_428f463a._.js:171
[   10558ms] [WARNING] WARNING: Too many active WebGL contexts. Oldest context will be lost. @ http://localhost:3000/_next/static/chunks/src_components_three_428f463a._.js:171
[   10562ms] [WARNING] WARNING: Too many active WebGL contexts. Oldest context will be lost. @ http://localhost:3000/_next/static/chunks/src_components_three_428f463a._.js:171
[   10566ms] [WARNING] WARNING: Too many active WebGL contexts. Oldest context will be lost. @ http://localhost:3000/_next/static/chunks/src_components_three_428f463a._.js:171
[   10574ms] [WARNING] WARNING: Too many active WebGL contexts. Oldest context will be lost. @ http://localhost:3000/_next/static/chunks/src_components_three_428f463a._.js:171
[   10578ms] [WARNING] WARNING: Too many active WebGL contexts. Oldest context will be lost. @ http://localhost:3000/_next/static/chunks/src_components_three_428f463a._.js:171
[   10583ms] [WARNING] WARNING: Too many active WebGL contexts. Oldest context will be lost. @ http://localhost:3000/_next/static/chunks/src_components_three_428f463a._.js:171
[   10587ms] [WARNING] WARNING: Too many active WebGL contexts. Oldest context will be lost. @ http://localhost:3000/_next/static/chunks/src_components_three_428f463a._.js:171
[   10598ms] [WARNING] WARNING: Too many active WebGL contexts. Oldest context will be lost. @ http://localhost:3000/_next/static/chunks/src_components_three_428f463a._.js:171
[   10602ms] [WARNING] WARNING: Too many active WebGL contexts. Oldest context will be lost. @ http://localhost:3000/_next/static/chunks/src_components_three_428f463a._.js:171
[   10607ms] [WARNING] WARNING: Too many active WebGL contexts. Oldest context will be lost. @ http://localhost:3000/_next/static/chunks/src_components_three_428f463a._.js:171
[   10611ms] [WARNING] WARNING: Too many active WebGL contexts. Oldest context will be lost. @ http://localhost:3000/_next/static/chunks/src_components_three_428f463a._.js:171
[   10622ms] [WARNING] WARNING: Too many active WebGL contexts. Oldest context will be lost. @ http://localhost:3000/_next/static/chunks/src_components_three_428f463a._.js:171
[   10627ms] [WARNING] WARNING: Too many active WebGL contexts. Oldest context will be lost. @ http://localhost:3000/_next/static/chunks/src_components_three_428f463a._.js:171
[   10631ms] [WARNING] WARNING: Too many active WebGL contexts. Oldest context will be lost. @ http://localhost:3000/_next/static/chunks/src_components_three_428f463a._.js:171
[   10635ms] [WARNING] WARNING: Too many active WebGL contexts. Oldest context will be lost. @ http://localhost:3000/_next/static/chunks/src_components_three_428f463a._.js:171
[   10643ms] [WARNING] WARNING: Too many active WebGL contexts. Oldest context will be lost. @ http://localhost:3000/_next/static/chunks/src_components_three_428f463a._.js:171
[   10647ms] [WARNING] WARNING: Too many active WebGL contexts. Oldest context will be lost. @ http://localhost:3000/_next/static/chunks/src_components_three_428f463a._.js:171
[   10651ms] [WARNING] WARNING: Too many active WebGL contexts. Oldest context will be lost. @ http://localhost:3000/_next/static/chunks/src_components_three_428f463a._.js:171
[   10655ms] [WARNING] WARNING: Too many active WebGL contexts. Oldest context will be lost. @ http://localhost:3000/_next/static/chunks/src_components_three_428f463a._.js:171
[   10664ms] [WARNING] WARNING: Too many active WebGL contexts. Oldest context will be lost. @ http://localhost:3000/_next/static/chunks/src_components_three_428f463a._.js:171
[   10668ms] [WARNING] WARNING: Too many active WebGL contexts. Oldest context will be lost. @ http://localhost:3000/_next/static/chunks/src_components_three_428f463a._.js:171
[   10672ms] [WARNING] WARNING: Too many active WebGL contexts. Oldest context will be lost. @ http://localhost:3000/_next/static/chunks/src_components_three_428f463a._.js:171
[   10676ms] [WARNING] WARNING: Too many active WebGL contexts. Oldest context will be lost. @ http://localhost:3000/_next/static/chunks/src_components_three_428f463a._.js:171
[   10686ms] [WARNING] WARNING: Too many active WebGL contexts. Oldest context will be lost. @ http://localhost:3000/_next/static/chunks/src_components_three_428f463a._.js:171
[   10691ms] [WARNING] WARNING: Too many active WebGL contexts. Oldest context will be lost. @ http://localhost:3000/_next/static/chunks/src_components_three_428f463a._.js:171
[   10696ms] [WARNING] WARNING: Too many active WebGL contexts. Oldest context will be lost. @ http://localhost:3000/_next/static/chunks/src_components_three_428f463a._.js:171
[   10703ms] [WARNING] WARNING: Too many active WebGL contexts. Oldest context will be lost. @ http://localhost:3000/_next/static/chunks/src_components_three_428f463a._.js:171
[   10712ms] [WARNING] WARNING: Too many active WebGL contexts. Oldest context will be lost. @ http://localhost:3000/_next/static/chunks/src_components_three_428f463a._.js:171
[   10717ms] [WARNING] WARNING: Too many active WebGL contexts. Oldest context will be lost. @ http://localhost:3000/_next/static/chunks/src_components_three_428f463a._.js:171
[   10724ms] [WARNING] WARNING: Too many active WebGL contexts. Oldest context will be lost. @ http://localhost:3000/_next/static/chunks/src_components_three_428f463a._.js:171
[   10730ms] [WARNING] WARNING: Too many active WebGL contexts. Oldest context will be lost. @ http://localhost:3000/_next/static/chunks/src_components_three_428f463a._.js:171
[   10740ms] [WARNING] WARNING: Too many active WebGL contexts. Oldest context will be lost. @ http://localhost:3000/_next/static/chunks/src_components_three_428f463a._.js:171
[   10745ms] [WARNING] WARNING: Too many active WebGL contexts. Oldest context will be lost. @ http://localhost:3000/_next/static/chunks/src_components_three_428f463a._.js:171
[   10750ms] [WARNING] WARNING: Too many active WebGL contexts. Oldest context will be lost. @ http://localhost:3000/_next/static/chunks/src_components_three_428f463a._.js:171
[   10754ms] [WARNING] WARNING: Too many active WebGL contexts. Oldest context will be lost. @ http://localhost:3000/_next/static/chunks/src_components_three_428f463a._.js:171
[   10764ms] [WARNING] WARNING: Too many active WebGL contexts. Oldest context will be lost. @ http://localhost:3000/_next/static/chunks/src_components_three_428f463a._.js:171
[   10768ms] [WARNING] WARNING: Too many active WebGL contexts. Oldest context will be lost. @ http://localhost:3000/_next/static/chunks/src_components_three_428f463a._.js:171
[   10773ms] [WARNING] WARNING: Too many active WebGL contexts. Oldest context will be lost. @ http://localhost:3000/_next/static/chunks/src_components_three_428f463a._.js:171
[   10779ms] [WARNING] WARNING: Too many active WebGL contexts. Oldest context will be lost. @ http://localhost:3000/_next/static/chunks/src_components_three_428f463a._.js:171
[   10795ms] [WARNING] WARNING: Too many active WebGL contexts. Oldest context will be lost. @ http://localhost:3000/_next/static/chunks/src_components_three_428f463a._.js:171
[   10800ms] [WARNING] WARNING: Too many active WebGL contexts. Oldest context will be lost. @ http://localhost:3000/_next/static/chunks/src_components_three_428f463a._.js:171
[   10805ms] [WARNING] WARNING: Too many active WebGL contexts. Oldest context will be lost. @ http://localhost:3000/_next/static/chunks/src_components_three_428f463a._.js:171
[   10812ms] [WARNING] WARNING: Too many active WebGL contexts. Oldest context will be lost. @ http://localhost:3000/_next/static/chunks/src_components_three_428f463a._.js:171
[   10891ms] [WARNING] WARNING: Too many active WebGL contexts. Oldest context will be lost. @ http://localhost:3000/_next/static/chunks/src_components_three_428f463a._.js:171
[   10896ms] [WARNING] WARNING: Too many active WebGL contexts. Oldest context will be lost. @ http://localhost:3000/_next/static/chunks/src_components_three_428f463a._.js:171
[   10900ms] [WARNING] WARNING: Too many active WebGL contexts. Oldest context will be lost. @ http://localhost:3000/_next/static/chunks/src_components_three_428f463a._.js:171
[   10905ms] [WARNING] WARNING: Too many active WebGL contexts. Oldest context will be lost. @ http://localhost:3000/_next/static/chunks/src_components_three_428f463a._.js:171
[   10914ms] [WARNING] WARNING: Too many active WebGL contexts. Oldest context will be lost. @ http://localhost:3000/_next/static/chunks/src_components_three_428f463a._.js:171
[   10919ms] [WARNING] WARNING: Too many active WebGL contexts. Oldest context will be lost. @ http://localhost:3000/_next/static/chunks/src_components_three_428f463a._.js:171
[   10923ms] [WARNING] WARNING: Too many active WebGL contexts. Oldest context will be lost. @ http://localhost:3000/_next/static/chunks/src_components_three_428f463a._.js:171
[   10928ms] [WARNING] WARNING: Too many active WebGL contexts. Oldest context will be lost. @ http://localhost:3000/_next/static/chunks/src_components_three_428f463a._.js:171
[   10940ms] [WARNING] WARNING: Too many active WebGL contexts. Oldest context will be lost. @ http://localhost:3000/_next/static/chunks/src_components_three_428f463a._.js:171
[   10944ms] [WARNING] WARNING: Too many active WebGL contexts. Oldest context will be lost. @ http://localhost:3000/_next/static/chunks/src_components_three_428f463a._.js:171
[   10951ms] [WARNING] WARNING: Too many active WebGL contexts. Oldest context will be lost. @ http://localhost:3000/_next/static/chunks/src_components_three_428f463a._.js:171
[   10958ms] [WARNING] WARNING: Too many active WebGL contexts. Oldest context will be lost. @ http://localhost:3000/_next/static/chunks/src_components_three_428f463a._.js:171
[   10980ms] [WARNING] WARNING: Too many active WebGL contexts. Oldest context will be lost. @ http://localhost:3000/_next/static/chunks/src_components_three_428f463a._.js:171
[   10984ms] [WARNING] WARNING: Too many active WebGL contexts. Oldest context will be lost. @ http://localhost:3000/_next/static/chunks/src_components_three_428f463a._.js:171
[   10989ms] [WARNING] WARNING: Too many active WebGL contexts. Oldest context will be lost. @ http://localhost:3000/_next/static/chunks/src_components_three_428f463a._.js:171
[   10994ms] [WARNING] WARNING: Too many active WebGL contexts. Oldest context will be lost. @ http://localhost:3000/_next/static/chunks/src_components_three_428f463a._.js:171
[   11010ms] [WARNING] WARNING: Too many active WebGL contexts. Oldest context will be lost. @ http://localhost:3000/_next/static/chunks/src_components_three_428f463a._.js:171
[   11015ms] [WARNING] WARNING: Too many active WebGL contexts. Oldest context will be lost. @ http://localhost:3000/_next/static/chunks/src_components_three_428f463a._.js:171
[   11184ms] [WARNING] WARNING: Too many active WebGL contexts. Oldest context will be lost. @ http://localhost:3000/_next/static/chunks/src_components_three_428f463a._.js:171
[   11193ms] [WARNING] WARNING: Too many active WebGL contexts. Oldest context will be lost. @ http://localhost:3000/_next/static/chunks/src_components_three_428f463a._.js:171
[   11198ms] [WARNING] WARNING: Too many active WebGL contexts. Oldest context will be lost. @ http://localhost:3000/_next/static/chunks/src_components_three_428f463a._.js:171
[   11205ms] [WARNING] WARNING: Too many active WebGL contexts. Oldest context will be lost. @ http://localhost:3000/_next/static/chunks/src_components_three_428f463a._.js:171
[   11212ms] [WARNING] WARNING: Too many active WebGL contexts. Oldest context will be lost. @ http://localhost:3000/_next/static/chunks/src_components_three_428f463a._.js:171
[   11230ms] [WARNING] WARNING: Too many active WebGL contexts. Oldest context will be lost. @ http://localhost:3000/_next/static/chunks/src_components_three_428f463a._.js:171
[   11235ms] [WARNING] WARNING: Too many active WebGL contexts. Oldest context will be lost. @ http://localhost:3000/_next/static/chunks/src_components_three_428f463a._.js:171
[   11240ms] [WARNING] WARNING: Too many active WebGL contexts. Oldest context will be lost. @ http://localhost:3000/_next/static/chunks/src_components_three_428f463a._.js:171
[   11245ms] [WARNING] WARNING: Too many active WebGL contexts. Oldest context will be lost. @ http://localhost:3000/_next/static/chunks/src_components_three_428f463a._.js:171
[   11253ms] [WARNING] WARNING: Too many active WebGL contexts. Oldest context will be lost. @ http://localhost:3000/_next/static/chunks/src_components_three_428f463a._.js:171
[   11257ms] [WARNING] WARNING: Too many active WebGL contexts. Oldest context will be lost. @ http://localhost:3000/_next/static/chunks/src_components_three_428f463a._.js:171
[   11262ms] [WARNING] WARNING: Too many active WebGL contexts. Oldest context will be lost. @ http://localhost:3000/_next/static/chunks/src_components_three_428f463a._.js:171
[   11267ms] [WARNING] WARNING: Too many active WebGL contexts. Oldest context will be lost. @ http://localhost:3000/_next/static/chunks/src_components_three_428f463a._.js:171
[   11277ms] [WARNING] WARNING: Too many active WebGL contexts. Oldest context will be lost. @ http://localhost:3000/_next/static/chunks/src_components_three_428f463a._.js:171
[   11281ms] [WARNING] WARNING: Too many active WebGL contexts. Oldest context will be lost. @ http://localhost:3000/_next/static/chunks/src_components_three_428f463a._.js:171
[   11286ms] [WARNING] WARNING: Too many active WebGL contexts. Oldest context will be lost. @ http://localhost:3000/_next/static/chunks/src_components_three_428f463a._.js:171
[   11291ms] [WARNING] WARNING: Too many active WebGL contexts. Oldest context will be lost. @ http://localhost:3000/_next/static/chunks/src_components_three_428f463a._.js:171
[   11363ms] [WARNING] WARNING: Too many active WebGL contexts. Oldest context will be lost. @ http://localhost:3000/_next/static/chunks/src_components_three_428f463a._.js:171
[   11369ms] [WARNING] WARNING: Too many active WebGL contexts. Oldest context will be lost. @ http://localhost:3000/_next/static/chunks/src_components_three_428f463a._.js:171
[   11375ms] [WARNING] WARNING: Too many active WebGL contexts. Oldest context will be lost. @ http://localhost:3000/_next/static/chunks/src_components_three_428f463a._.js:171
[   11381ms] [WARNING] WARNING: Too many active WebGL contexts. Oldest context will be lost. @ http://localhost:3000/_next/static/chunks/src_components_three_428f463a._.js:171
[   11393ms] [WARNING] WARNING: Too many active WebGL contexts. Oldest context will be lost. @ http://localhost:3000/_next/static/chunks/src_components_three_428f463a._.js:171
[   11400ms] [WARNING] WARNING: Too many active WebGL contexts. Oldest context will be lost. @ http://localhost:3000/_next/static/chunks/src_components_three_428f463a._.js:171
[   11405ms] [WARNING] WARNING: Too many active WebGL contexts. Oldest context will be lost. @ http://localhost:3000/_next/static/chunks/src_components_three_428f463a._.js:171
[   11409ms] [WARNING] WARNING: Too many active WebGL contexts. Oldest context will be lost. @ http://localhost:3000/_next/static/chunks/src_components_three_428f463a._.js:171
[   11418ms] [WARNING] WARNING: Too many active WebGL contexts. Oldest context will be lost. @ http://localhost:3000/_next/static/chunks/src_components_three_428f463a._.js:171
[   11423ms] [WARNING] WARNING: Too many active WebGL contexts. Oldest context will be lost. @ http://localhost:3000/_next/static/chunks/src_components_three_428f463a._.js:171
[   11428ms] [WARNING] WARNING: Too many active WebGL contexts. Oldest context will be lost. @ http://localhost:3000/_next/static/chunks/src_components_three_428f463a._.js:171
[   11436ms] [WARNING] WARNING: Too many active WebGL contexts. Oldest context will be lost. @ http://localhost:3000/_next/static/chunks/src_components_three_428f463a._.js:171
[   11453ms] [WARNING] WARNING: Too many active WebGL contexts. Oldest context will be lost. @ http://localhost:3000/_next/static/chunks/src_components_three_428f463a._.js:171
[   11457ms] [WARNING] WARNING: Too many active WebGL contexts. Oldest context will be lost. @ http://localhost:3000/_next/static/chunks/src_components_three_428f463a._.js:171
[   11462ms] [WARNING] WARNING: Too many active WebGL contexts. Oldest context will be lost. @ http://localhost:3000/_next/static/chunks/src_components_three_428f463a._.js:171
[   11467ms] [WARNING] WARNING: Too many active WebGL contexts. Oldest context will be lost. @ http://localhost:3000/_next/static/chunks/src_components_three_428f463a._.js:171
[   11481ms] [WARNING] WARNING: Too many active WebGL contexts. Oldest context will be lost. @ http://localhost:3000/_next/static/chunks/src_components_three_428f463a._.js:171
[   11485ms] [WARNING] WARNING: Too many active WebGL contexts. Oldest context will be lost. @ http://localhost:3000/_next/static/chunks/src_components_three_428f463a._.js:171
[   11489ms] [WARNING] WARNING: Too many active WebGL contexts. Oldest context will be lost. @ http://localhost:3000/_next/static/chunks/src_components_three_428f463a._.js:171
[   11494ms] [WARNING] WARNING: Too many active WebGL contexts. Oldest context will be lost. @ http://localhost:3000/_next/static/chunks/src_components_three_428f463a._.js:171
[   11507ms] [WARNING] WARNING: Too many active WebGL contexts. Oldest context will be lost. @ http://localhost:3000/_next/static/chunks/src_components_three_428f463a._.js:171
[   11511ms] [WARNING] WARNING: Too many active WebGL contexts. Oldest context will be lost. @ http://localhost:3000/_next/static/chunks/src_components_three_428f463a._.js:171
[   11516ms] [WARNING] WARNING: Too many active WebGL contexts. Oldest context will be lost. @ http://localhost:3000/_next/static/chunks/src_components_three_428f463a._.js:171
[   11521ms] [WARNING] WARNING: Too many active WebGL contexts. Oldest context will be lost. @ http://localhost:3000/_next/static/chunks/src_components_three_428f463a._.js:171
[   11534ms] [WARNING] WARNING: Too many active WebGL contexts. Oldest context will be lost. @ http://localhost:3000/_next/static/chunks/src_components_three_428f463a._.js:171
[   11538ms] [WARNING] WARNING: Too many active WebGL contexts. Oldest context will be lost. @ http://localhost:3000/_next/static/chunks/src_components_three_428f463a._.js:171
[   11543ms] [WARNING] WARNING: Too many active WebGL contexts. Oldest context will be lost. @ http://localhost:3000/_next/static/chunks/src_components_three_428f463a._.js:171
[   11547ms] [WARNING] WARNING: Too many active WebGL contexts. Oldest context will be lost. @ http://localhost:3000/_next/static/chunks/src_components_three_428f463a._.js:171
[   11558ms] [WARNING] WARNING: Too many active WebGL contexts. Oldest context will be lost. @ http://localhost:3000/_next/static/chunks/src_components_three_428f463a._.js:171
[   11564ms] [WARNING] WARNING: Too many active WebGL contexts. Oldest context will be lost. @ http://localhost:3000/_next/static/chunks/src_components_three_428f463a._.js:171
[   11569ms] [WARNING] WARNING: Too many active WebGL contexts. Oldest context will be lost. @ http://localhost:3000/_next/static/chunks/src_components_three_428f463a._.js:171
[   11573ms] [WARNING] WARNING: Too many active WebGL contexts. Oldest context will be lost. @ http://localhost:3000/_next/static/chunks/src_components_three_428f463a._.js:171
[   11581ms] [WARNING] WARNING: Too many active WebGL contexts. Oldest context will be lost. @ http://localhost:3000/_next/static/chunks/src_components_three_428f463a._.js:171
[   11585ms] [WARNING] WARNING: Too many active WebGL contexts. Oldest context will be lost. @ http://localhost:3000/_next/static/chunks/src_components_three_428f463a._.js:171
[   11590ms] [WARNING] WARNING: Too many active WebGL contexts. Oldest context will be lost. @ http://localhost:3000/_next/static/chunks/src_components_three_428f463a._.js:171
[   11595ms] [WARNING] WARNING: Too many active WebGL contexts. Oldest context will be lost. @ http://localhost:3000/_next/static/chunks/src_components_three_428f463a._.js:171
[   11604ms] [WARNING] WARNING: Too many active WebGL contexts. Oldest context will be lost. @ http://localhost:3000/_next/static/chunks/src_components_three_428f463a._.js:171
[   11608ms] [WARNING] WARNING: Too many active WebGL contexts. Oldest context will be lost. @ http://localhost:3000/_next/static/chunks/src_components_three_428f463a._.js:171
[   11613ms] [WARNING] WARNING: Too many active WebGL contexts. Oldest context will be lost. @ http://localhost:3000/_next/static/chunks/src_components_three_428f463a._.js:171
[   11618ms] [WARNING] WARNING: Too many active WebGL contexts. Oldest context will be lost. @ http://localhost:3000/_next/static/chunks/src_components_three_428f463a._.js:171
[   11629ms] [WARNING] WARNING: Too many active WebGL contexts. Oldest context will be lost. @ http://localhost:3000/_next/static/chunks/src_components_three_428f463a._.js:171
[   11634ms] [WARNING] WARNING: Too many active WebGL contexts. Oldest context will be lost. @ http://localhost:3000/_next/static/chunks/src_components_three_428f463a._.js:171
[   11641ms] [WARNING] WARNING: Too many active WebGL contexts. Oldest context will be lost. @ http://localhost:3000/_next/static/chunks/src_components_three_428f463a._.js:171
[   11646ms] [WARNING] WARNING: Too many active WebGL contexts. Oldest context will be lost. @ http://localhost:3000/_next/static/chunks/src_components_three_428f463a._.js:171
[   11655ms] [WARNING] WARNING: Too many active WebGL contexts. Oldest context will be lost. @ http://localhost:3000/_next/static/chunks/src_components_three_428f463a._.js:171
[   11659ms] [WARNING] WARNING: Too many active WebGL contexts. Oldest context will be lost. @ http://localhost:3000/_next/static/chunks/src_components_three_428f463a._.js:171
[   11663ms] [WARNING] WARNING: Too many active WebGL contexts. Oldest context will be lost. @ http://localhost:3000/_next/static/chunks/src_components_three_428f463a._.js:171
[   11667ms] [WARNING] WARNING: Too many active WebGL contexts. Oldest context will be lost. @ http://localhost:3000/_next/static/chunks/src_components_three_428f463a._.js:171
[   11678ms] [WARNING] WARNING: Too many active WebGL contexts. Oldest context will be lost. @ http://localhost:3000/_next/static/chunks/src_components_three_428f463a._.js:171
[   11683ms] [WARNING] WARNING: Too many active WebGL contexts. Oldest context will be lost. @ http://localhost:3000/_next/static/chunks/src_components_three_428f463a._.js:171
[   11688ms] [WARNING] WARNING: Too many active WebGL contexts. Oldest context will be lost. @ http://localhost:3000/_next/static/chunks/src_components_three_428f463a._.js:171
[   11692ms] [WARNING] WARNING: Too many active WebGL contexts. Oldest context will be lost. @ http://localhost:3000/_next/static/chunks/src_components_three_428f463a._.js:171
[   11837ms] [WARNING] WARNING: Too many active WebGL contexts. Oldest context will be lost. @ http://localhost:3000/_next/static/chunks/src_components_three_428f463a._.js:171
[   11854ms] [WARNING] WARNING: Too many active WebGL contexts. Oldest context will be lost. @ http://localhost:3000/_next/static/chunks/src_components_three_428f463a._.js:171
[   11858ms] [WARNING] WARNING: Too many active WebGL contexts. Oldest context will be lost. @ http://localhost:3000/_next/static/chunks/src_components_three_428f463a._.js:171
[   11862ms] [WARNING] WARNING: Too many active WebGL contexts. Oldest context will be lost. @ http://localhost:3000/_next/static/chunks/src_components_three_428f463a._.js:171
[   11867ms] [WARNING] WARNING: Too many active WebGL contexts. Oldest context will be lost. @ http://localhost:3000/_next/static/chunks/src_components_three_428f463a._.js:171
[   11877ms] [WARNING] WARNING: Too many active WebGL contexts. Oldest context will be lost. @ http://localhost:3000/_next/static/chunks/src_components_three_428f463a._.js:171
[   11881ms] [WARNING] WARNING: Too many active WebGL contexts. Oldest context will be lost. @ http://localhost:3000/_next/static/chunks/src_components_three_428f463a._.js:171
[   11885ms] [WARNING] WARNING: Too many active WebGL contexts. Oldest context will be lost. @ http://localhost:3000/_next/static/chunks/src_components_three_428f463a._.js:171
[   11889ms] [WARNING] WARNING: Too many active WebGL contexts. Oldest context will be lost. @ http://localhost:3000/_next/static/chunks/src_components_three_428f463a._.js:171
[   11898ms] [WARNING] WARNING: Too many active WebGL contexts. Oldest context will be lost. @ http://localhost:3000/_next/static/chunks/src_components_three_428f463a._.js:171
[   11902ms] [WARNING] WARNING: Too many active WebGL contexts. Oldest context will be lost. @ http://localhost:3000/_next/static/chunks/src_components_three_428f463a._.js:171
[   11907ms] [WARNING] WARNING: Too many active WebGL contexts. Oldest context will be lost. @ http://localhost:3000/_next/static/chunks/src_components_three_428f463a._.js:171
[   11911ms] [WARNING] WARNING: Too many active WebGL contexts. Oldest context will be lost. @ http://localhost:3000/_next/static/chunks/src_components_three_428f463a._.js:171
[   11919ms] [WARNING] WARNING: Too many active WebGL contexts. Oldest context will be lost. @ http://localhost:3000/_next/static/chunks/src_components_three_428f463a._.js:171
[   11923ms] [WARNING] WARNING: Too many active WebGL contexts. Oldest context will be lost. @ http://localhost:3000/_next/static/chunks/src_components_three_428f463a._.js:171
[   11927ms] [WARNING] WARNING: Too many active WebGL contexts. Oldest context will be lost. @ http://localhost:3000/_next/static/chunks/src_components_three_428f463a._.js:171
[   11932ms] [WARNING] WARNING: Too many active WebGL contexts. Oldest context will be lost. @ http://localhost:3000/_next/static/chunks/src_components_three_428f463a._.js:171
[   11940ms] [WARNING] WARNING: Too many active WebGL contexts. Oldest context will be lost. @ http://localhost:3000/_next/static/chunks/src_components_three_428f463a._.js:171
[   11944ms] [WARNING] WARNING: Too many active WebGL contexts. Oldest context will be lost. @ http://localhost:3000/_next/static/chunks/src_components_three_428f463a._.js:171
[   11948ms] [WARNING] WARNING: Too many active WebGL contexts. Oldest context will be lost. @ http://localhost:3000/_next/static/chunks/src_components_three_428f463a._.js:171
[   11953ms] [WARNING] WARNING: Too many active WebGL contexts. Oldest context will be lost. @ http://localhost:3000/_next/static/chunks/src_components_three_428f463a._.js:171
[   11961ms] [WARNING] WARNING: Too many active WebGL contexts. Oldest context will be lost. @ http://localhost:3000/_next/static/chunks/src_components_three_428f463a._.js:171
[   11966ms] [WARNING] WARNING: Too many active WebGL contexts. Oldest context will be lost. @ http://localhost:3000/_next/static/chunks/src_components_three_428f463a._.js:171
[   11970ms] [WARNING] WARNING: Too many active WebGL contexts. Oldest context will be lost. @ http://localhost:3000/_next/static/chunks/src_components_three_428f463a._.js:171
[   11975ms] [WARNING] WARNING: Too many active WebGL contexts. Oldest context will be lost. @ http://localhost:3000/_next/static/chunks/src_components_three_428f463a._.js:171
[   11986ms] [WARNING] WARNING: Too many active WebGL contexts. Oldest context will be lost. @ http://localhost:3000/_next/static/chunks/src_components_three_428f463a._.js:171
[   11990ms] [WARNING] WARNING: Too many active WebGL contexts. Oldest context will be lost. @ http://localhost:3000/_next/static/chunks/src_components_three_428f463a._.js:171
[   11994ms] [WARNING] WARNING: Too many active WebGL contexts. Oldest context will be lost. @ http://localhost:3000/_next/static/chunks/src_components_three_428f463a._.js:171
[   11999ms] [WARNING] WARNING: Too many active WebGL contexts. Oldest context will be lost. @ http://localhost:3000/_next/static/chunks/src_components_three_428f463a._.js:171
[   12125ms] [WARNING] WARNING: Too many active WebGL contexts. Oldest context will be lost. @ http://localhost:3000/_next/static/chunks/src_components_three_428f463a._.js:171
[   12140ms] [WARNING] WARNING: Too many active WebGL contexts. Oldest context will be lost. @ http://localhost:3000/_next/static/chunks/src_components_three_428f463a._.js:171
[   12145ms] [WARNING] WARNING: Too many active WebGL contexts. Oldest context will be lost. @ http://localhost:3000/_next/static/chunks/src_components_three_428f463a._.js:171
[   12149ms] [WARNING] WARNING: Too many active WebGL contexts. Oldest context will be lost. @ http://localhost:3000/_next/static/chunks/src_components_three_428f463a._.js:171
[   12153ms] [WARNING] WARNING: Too many active WebGL contexts. Oldest context will be lost. @ http://localhost:3000/_next/static/chunks/src_components_three_428f463a._.js:171
[   12162ms] [WARNING] WARNING: Too many active WebGL contexts. Oldest context will be lost. @ http://localhost:3000/_next/static/chunks/src_components_three_428f463a._.js:171
[   12166ms] [WARNING] WARNING: Too many active WebGL contexts. Oldest context will be lost. @ http://localhost:3000/_next/static/chunks/src_components_three_428f463a._.js:171
[   12170ms] [WARNING] WARNING: Too many active WebGL contexts. Oldest context will be lost. @ http://localhost:3000/_next/static/chunks/src_components_three_428f463a._.js:171
[   12175ms] [WARNING] WARNING: Too many active WebGL contexts. Oldest context will be lost. @ http://localhost:3000/_next/static/chunks/src_components_three_428f463a._.js:171
[   12184ms] [WARNING] WARNING: Too many active WebGL contexts. Oldest context will be lost. @ http://localhost:3000/_next/static/chunks/src_components_three_428f463a._.js:171
[   12188ms] [WARNING] WARNING: Too many active WebGL contexts. Oldest context will be lost. @ http://localhost:3000/_next/static/chunks/src_components_three_428f463a._.js:171
[   12193ms] [WARNING] WARNING: Too many active WebGL contexts. Oldest context will be lost. @ http://localhost:3000/_next/static/chunks/src_components_three_428f463a._.js:171
[   12197ms] [WARNING] WARNING: Too many active WebGL contexts. Oldest context will be lost. @ http://localhost:3000/_next/static/chunks/src_components_three_428f463a._.js:171
[   12205ms] [WARNING] WARNING: Too many active WebGL contexts. Oldest context will be lost. @ http://localhost:3000/_next/static/chunks/src_components_three_428f463a._.js:171
[   12209ms] [WARNING] WARNING: Too many active WebGL contexts. Oldest context will be lost. @ http://localhost:3000/_next/static/chunks/src_components_three_428f463a._.js:171
[   12214ms] [WARNING] WARNING: Too many active WebGL contexts. Oldest context will be lost. @ http://localhost:3000/_next/static/chunks/src_components_three_428f463a._.js:171
[   12218ms] [WARNING] WARNING: Too many active WebGL contexts. Oldest context will be lost. @ http://localhost:3000/_next/static/chunks/src_components_three_428f463a._.js:171
[   12227ms] [WARNING] WARNING: Too many active WebGL contexts. Oldest context will be lost. @ http://localhost:3000/_next/static/chunks/src_components_three_428f463a._.js:171
[   12232ms] [WARNING] WARNING: Too many active WebGL contexts. Oldest context will be lost. @ http://localhost:3000/_next/static/chunks/src_components_three_428f463a._.js:171
[   12236ms] [WARNING] WARNING: Too many active WebGL contexts. Oldest context will be lost. @ http://localhost:3000/_next/static/chunks/src_components_three_428f463a._.js:171
[   12242ms] [WARNING] WARNING: Too many active WebGL contexts. Oldest context will be lost. @ http://localhost:3000/_next/static/chunks/src_components_three_428f463a._.js:171
[   12319ms] [WARNING] WARNING: Too many active WebGL contexts. Oldest context will be lost. @ http://localhost:3000/_next/static/chunks/src_components_three_428f463a._.js:171
[   12323ms] [WARNING] WARNING: Too many active WebGL contexts. Oldest context will be lost. @ http://localhost:3000/_next/static/chunks/src_components_three_428f463a._.js:171
[   12333ms] [WARNING] WARNING: Too many active WebGL contexts. Oldest context will be lost. @ http://localhost:3000/_next/static/chunks/src_components_three_428f463a._.js:171
[   12337ms] [WARNING] WARNING: Too many active WebGL contexts. Oldest context will be lost. @ http://localhost:3000/_next/static/chunks/src_components_three_428f463a._.js:171
[   12341ms] [WARNING] WARNING: Too many active WebGL contexts. Oldest context will be lost. @ http://localhost:3000/_next/static/chunks/src_components_three_428f463a._.js:171
[   12346ms] [WARNING] WARNING: Too many active WebGL contexts. Oldest context will be lost. @ http://localhost:3000/_next/static/chunks/src_components_three_428f463a._.js:171
[   12354ms] [WARNING] WARNING: Too many active WebGL contexts. Oldest context will be lost. @ http://localhost:3000/_next/static/chunks/src_components_three_428f463a._.js:171
[   12359ms] [WARNING] WARNING: Too many active WebGL contexts. Oldest context will be lost. @ http://localhost:3000/_next/static/chunks/src_components_three_428f463a._.js:171
[   12363ms] [WARNING] WARNING: Too many active WebGL contexts. Oldest context will be lost. @ http://localhost:3000/_next/static/chunks/src_components_three_428f463a._.js:171
[   12368ms] [WARNING] WARNING: Too many active WebGL contexts. Oldest context will be lost. @ http://localhost:3000/_next/static/chunks/src_components_three_428f463a._.js:171
[   12384ms] [WARNING] WARNING: Too many active WebGL contexts. Oldest context will be lost. @ http://localhost:3000/_next/static/chunks/src_components_three_428f463a._.js:171
[   12388ms] [WARNING] WARNING: Too many active WebGL contexts. Oldest context will be lost. @ http://localhost:3000/_next/static/chunks/src_components_three_428f463a._.js:171
[   12393ms] [WARNING] WARNING: Too many active WebGL contexts. Oldest context will be lost. @ http://localhost:3000/_next/static/chunks/src_components_three_428f463a._.js:171
[   12397ms] [WARNING] WARNING: Too many active WebGL contexts. Oldest context will be lost. @ http://localhost:3000/_next/static/chunks/src_components_three_428f463a._.js:171
[   12406ms] [WARNING] WARNING: Too many active WebGL contexts. Oldest context will be lost. @ http://localhost:3000/_next/static/chunks/src_components_three_428f463a._.js:171
[   12410ms] [WARNING] WARNING: Too many active WebGL contexts. Oldest context will be lost. @ http://localhost:3000/_next/static/chunks/src_components_three_428f463a._.js:171
[   12416ms] [WARNING] WARNING: Too many active WebGL contexts. Oldest context will be lost. @ http://localhost:3000/_next/static/chunks/src_components_three_428f463a._.js:171
[   12423ms] [WARNING] WARNING: Too many active WebGL contexts. Oldest context will be lost. @ http://localhost:3000/_next/static/chunks/src_components_three_428f463a._.js:171
[   12435ms] [WARNING] WARNING: Too many active WebGL contexts. Oldest context will be lost. @ http://localhost:3000/_next/static/chunks/src_components_three_428f463a._.js:171
[   12440ms] [WARNING] WARNING: Too many active WebGL contexts. Oldest context will be lost. @ http://localhost:3000/_next/static/chunks/src_components_three_428f463a._.js:171
[   12444ms] [WARNING] WARNING: Too many active WebGL contexts. Oldest context will be lost. @ http://localhost:3000/_next/static/chunks/src_components_three_428f463a._.js:171
[   12448ms] [WARNING] WARNING: Too many active WebGL contexts. Oldest context will be lost. @ http://localhost:3000/_next/static/chunks/src_components_three_428f463a._.js:171
[   12526ms] [WARNING] WARNING: Too many active WebGL contexts. Oldest context will be lost. @ http://localhost:3000/_next/static/chunks/src_components_three_428f463a._.js:171
[   12530ms] [WARNING] WARNING: Too many active WebGL contexts. Oldest context will be lost. @ http://localhost:3000/_next/static/chunks/src_components_three_428f463a._.js:171
[   12535ms] [WARNING] WARNING: Too many active WebGL contexts. Oldest context will be lost. @ http://localhost:3000/_next/static/chunks/src_components_three_428f463a._.js:171
[   12539ms] [WARNING] WARNING: Too many active WebGL contexts. Oldest context will be lost. @ http://localhost:3000/_next/static/chunks/src_components_three_428f463a._.js:171
[   12609ms] [WARNING] WARNING: Too many active WebGL contexts. Oldest context will be lost. @ http://localhost:3000/_next/static/chunks/src_components_three_428f463a._.js:171
[   12614ms] [WARNING] WARNING: Too many active WebGL contexts. Oldest context will be lost. @ http://localhost:3000/_next/static/chunks/src_components_three_428f463a._.js:171
[   12619ms] [WARNING] WARNING: Too many active WebGL contexts. Oldest context will be lost. @ http://localhost:3000/_next/static/chunks/src_components_three_428f463a._.js:171
[   12623ms] [WARNING] WARNING: Too many active WebGL contexts. Oldest context will be lost. @ http://localhost:3000/_next/static/chunks/src_components_three_428f463a._.js:171
[   12653ms] [WARNING] WARNING: Too many active WebGL contexts. Oldest context will be lost. @ http://localhost:3000/_next/static/chunks/src_components_three_428f463a._.js:171
[   12658ms] [WARNING] WARNING: Too many active WebGL contexts. Oldest context will be lost. @ http://localhost:3000/_next/static/chunks/src_components_three_428f463a._.js:171
[   12662ms] [WARNING] WARNING: Too many active WebGL contexts. Oldest context will be lost. @ http://localhost:3000/_next/static/chunks/src_components_three_428f463a._.js:171
[   12667ms] [WARNING] WARNING: Too many active WebGL contexts. Oldest context will be lost. @ http://localhost:3000/_next/static/chunks/src_components_three_428f463a._.js:171
[   12708ms] [WARNING] WARNING: Too many active WebGL contexts. Oldest context will be lost. @ http://localhost:3000/_next/static/chunks/src_components_three_428f463a._.js:171
[   12712ms] [WARNING] WARNING: Too many active WebGL contexts. Oldest context will be lost. @ http://localhost:3000/_next/static/chunks/src_components_three_428f463a._.js:171
[   12717ms] [WARNING] WARNING: Too many active WebGL contexts. Oldest context will be lost. @ http://localhost:3000/_next/static/chunks/src_components_three_428f463a._.js:171
[   12722ms] [WARNING] WARNING: Too many active WebGL contexts. Oldest context will be lost. @ http://localhost:3000/_next/static/chunks/src_components_three_428f463a._.js:171
[   12853ms] [WARNING] WARNING: Too many active WebGL contexts. Oldest context will be lost. @ http://localhost:3000/_next/static/chunks/src_components_three_428f463a._.js:171
[   12858ms] [WARNING] WARNING: Too many active WebGL contexts. Oldest context will be lost. @ http://localhost:3000/_next/static/chunks/src_components_three_428f463a._.js:171
[   12862ms] [WARNING] WARNING: Too many active WebGL contexts. Oldest context will be lost. @ http://localhost:3000/_next/static/chunks/src_components_three_428f463a._.js:171
[   12867ms] [WARNING] WARNING: Too many active WebGL contexts. Oldest context will be lost. @ http://localhost:3000/_next/static/chunks/src_components_three_428f463a._.js:171
[   12947ms] [WARNING] WARNING: Too many active WebGL contexts. Oldest context will be lost. @ http://localhost:3000/_next/static/chunks/src_components_three_428f463a._.js:171
[   12952ms] [WARNING] WARNING: Too many active WebGL contexts. Oldest context will be lost. @ http://localhost:3000/_next/static/chunks/src_components_three_428f463a._.js:171
[   12956ms] [WARNING] WARNING: Too many active WebGL contexts. Oldest context will be lost. @ http://localhost:3000/_next/static/chunks/src_components_three_428f463a._.js:171
[   12961ms] [WARNING] WARNING: Too many active WebGL contexts. Oldest context will be lost. @ http://localhost:3000/_next/static/chunks/src_components_three_428f463a._.js:171
[   12969ms] [WARNING] WARNING: Too many active WebGL contexts. Oldest context will be lost. @ http://localhost:3000/_next/static/chunks/src_components_three_428f463a._.js:171
[   12976ms] [WARNING] WARNING: Too many active WebGL contexts. Oldest context will be lost. @ http://localhost:3000/_next/static/chunks/src_components_three_428f463a._.js:171
[   12981ms] [WARNING] WARNING: Too many active WebGL contexts. Oldest context will be lost. @ http://localhost:3000/_next/static/chunks/src_components_three_428f463a._.js:171
[   12986ms] [WARNING] WARNING: Too many active WebGL contexts. Oldest context will be lost. @ http://localhost:3000/_next/static/chunks/src_components_three_428f463a._.js:171
[   12996ms] [WARNING] WARNING: Too many active WebGL contexts. Oldest context will be lost. @ http://localhost:3000/_next/static/chunks/src_components_three_428f463a._.js:171
[   13001ms] [WARNING] WARNING: Too many active WebGL contexts. Oldest context will be lost. @ http://localhost:3000/_next/static/chunks/src_components_three_428f463a._.js:171
[   13005ms] [WARNING] WARNING: Too many active WebGL contexts. Oldest context will be lost. @ http://localhost:3000/_next/static/chunks/src_components_three_428f463a._.js:171
[   13010ms] [WARNING] WARNING: Too many active WebGL contexts. Oldest context will be lost. @ http://localhost:3000/_next/static/chunks/src_components_three_428f463a._.js:171
[   13052ms] [WARNING] WARNING: Too many active WebGL contexts. Oldest context will be lost. @ http://localhost:3000/_next/static/chunks/src_components_three_428f463a._.js:171
[   13057ms] [WARNING] WARNING: Too many active WebGL contexts. Oldest context will be lost. @ http://localhost:3000/_next/static/chunks/src_components_three_428f463a._.js:171
[   13063ms] [WARNING] WARNING: Too many active WebGL contexts. Oldest context will be lost. @ http://localhost:3000/_next/static/chunks/src_components_three_428f463a._.js:171
[   13070ms] [WARNING] WARNING: Too many active WebGL contexts. Oldest context will be lost. @ http://localhost:3000/_next/static/chunks/src_components_three_428f463a._.js:171
